#time pid %cpu %MEM App
11 1223 7.8 0.2 bowtie2-align-s
16 1223 7.8 2.8 bowtie2-align-s
22 1223 7.8 5.4 bowtie2-align-s
27 1223 9.8 8.0 bowtie2-align-s
33 1223 9.7 10.5 bowtie2-align-s
38 1223 9.7 13.1 bowtie2-align-s
44 1223 7.8 15.6 bowtie2-align-s
49 1223 7.8 18.2 bowtie2-align-s
55 1223 766.2 21.0 bowtie2-align-s
60 1223 760.4 21.0 bowtie2-align-s
66 1223 756.5 21.1 bowtie2-align-s
72 1223 775.1 21.1 bowtie2-align-s
77 1223 760.7 21.1 bowtie2-align-s
83 1223 774.5 21.2 bowtie2-align-s
88 1223 783.2 21.2 bowtie2-align-s
94 1223 779.6 21.3 bowtie2-align-s
99 1223 785.7 21.3 bowtie2-align-s
105 1223 761.2 21.4 bowtie2-align-s
111 1223 780.2 21.4 bowtie2-align-s
116 1223 785.6 21.4 bowtie2-align-s
122 1223 782.4 21.5 bowtie2-align-s
127 1223 773.5 21.5 bowtie2-align-s
133 1223 764.4 21.6 bowtie2-align-s
138 1223 740.8 21.6 bowtie2-align-s
144 1223 786.8 21.6 bowtie2-align-s
150 1223 778.4 21.6 bowtie2-align-s
155 1223 766.1 21.7 bowtie2-align-s
161 1223 778.2 21.7 bowtie2-align-s
166 1223 780.1 21.7 bowtie2-align-s
172 1223 786.0 21.7 bowtie2-align-s
177 1223 738.9 21.8 bowtie2-align-s
183 1223 765.2 21.8 bowtie2-align-s
189 1223 757.2 21.9 bowtie2-align-s
194 1223 780.2 21.9 bowtie2-align-s
200 1223 782.9 21.9 bowtie2-align-s
205 1223 761.5 22.0 bowtie2-align-s
211 1223 769.3 22.0 bowtie2-align-s
216 1223 774.6 22.0 bowtie2-align-s
222 1223 763.8 22.1 bowtie2-align-s
228 1223 760.2 22.1 bowtie2-align-s
233 1223 764.5 22.1 bowtie2-align-s
239 1223 777.8 22.2 bowtie2-align-s
244 1223 786.2 22.2 bowtie2-align-s
250 1223 778.7 22.2 bowtie2-align-s
255 1223 781.8 22.2 bowtie2-align-s
261 1223 762.2 22.3 bowtie2-align-s
267 1223 781.7 22.3 bowtie2-align-s
272 1223 789.3 22.4 bowtie2-align-s
278 1223 766.1 22.4 bowtie2-align-s
283 1223 761.8 22.4 bowtie2-align-s
289 1223 764.7 22.4 bowtie2-align-s
294 1223 773.0 22.5 bowtie2-align-s
300 1223 780.2 22.5 bowtie2-align-s
306 1223 773.0 22.5 bowtie2-align-s
311 1223 762.2 22.5 bowtie2-align-s
317 1223 781.8 22.6 bowtie2-align-s
322 1223 778.5 22.6 bowtie2-align-s
328 1223 784.8 22.6 bowtie2-align-s
333 1223 778.7 22.6 bowtie2-align-s
339 1223 766.7 22.6 bowtie2-align-s
345 1223 790.2 22.6 bowtie2-align-s
350 1223 775.1 22.6 bowtie2-align-s
356 1223 777.0 22.6 bowtie2-align-s
361 1223 750.0 22.6 bowtie2-align-s
367 1223 739.9 22.6 bowtie2-align-s
372 1223 775.1 22.6 bowtie2-align-s
378 1223 777.7 22.6 bowtie2-align-s
384 1223 783.5 22.6 bowtie2-align-s
389 1223 756.9 22.6 bowtie2-align-s
395 1223 760.3 22.6 bowtie2-align-s
400 1223 762.2 22.6 bowtie2-align-s
406 1223 781.1 22.6 bowtie2-align-s
411 1223 758.1 22.6 bowtie2-align-s
417 1223 764.9 22.6 bowtie2-align-s
423 1223 781.0 22.6 bowtie2-align-s
428 1223 783.7 22.6 bowtie2-align-s
434 1223 780.0 22.6 bowtie2-align-s
439 1223 770.1 22.6 bowtie2-align-s
445 1223 767.6 22.6 bowtie2-align-s
450 1223 777.9 22.6 bowtie2-align-s
456 1223 780.8 22.6 bowtie2-align-s
462 1223 776.5 22.6 bowtie2-align-s
467 1223 760.5 22.6 bowtie2-align-s
473 1223 778.6 22.6 bowtie2-align-s
478 1223 775.6 22.6 bowtie2-align-s
484 1223 753.1 22.6 bowtie2-align-s
489 1223 775.1 22.6 bowtie2-align-s
495 1223 765.4 22.6 bowtie2-align-s
501 1223 782.8 22.6 bowtie2-align-s
506 1223 772.6 22.6 bowtie2-align-s
512 1223 782.0 22.6 bowtie2-align-s
517 1223 768.0 22.6 bowtie2-align-s
523 1223 763.6 22.6 bowtie2-align-s
528 1223 782.2 22.6 bowtie2-align-s
534 1223 779.5 22.6 bowtie2-align-s
540 1223 782.0 22.6 bowtie2-align-s
545 1223 760.6 22.6 bowtie2-align-s
551 1223 773.9 22.6 bowtie2-align-s
556 1223 783.1 22.6 bowtie2-align-s
562 1223 776.2 22.6 bowtie2-align-s
567 1223 784.4 22.6 bowtie2-align-s
573 1223 763.1 22.6 bowtie2-align-s
579 1223 780.7 22.6 bowtie2-align-s
584 1223 758.7 22.6 bowtie2-align-s
590 1223 774.6 22.6 bowtie2-align-s
595 1223 729.2 22.6 bowtie2-align-s
601 1223 768.5 22.6 bowtie2-align-s
607 1223 743.5 22.6 bowtie2-align-s
612 1223 781.1 22.6 bowtie2-align-s
618 1223 779.5 22.6 bowtie2-align-s
623 1223 764.9 22.6 bowtie2-align-s
629 1223 769.3 22.6 bowtie2-align-s
634 1223 762.0 22.6 bowtie2-align-s
640 1223 785.5 22.6 bowtie2-align-s
646 1223 769.0 22.6 bowtie2-align-s
651 1223 761.3 22.6 bowtie2-align-s
657 1223 750.6 22.6 bowtie2-align-s
662 1223 775.2 22.6 bowtie2-align-s
668 1223 783.9 22.6 bowtie2-align-s
673 1223 767.2 22.6 bowtie2-align-s
679 1223 666.0 22.6 bowtie2-align-s
685 1223 737.8 22.6 bowtie2-align-s
690 1223 774.5 22.6 bowtie2-align-s
696 1223 779.5 22.6 bowtie2-align-s
701 1223 773.5 22.6 bowtie2-align-s
707 1223 746.2 22.6 bowtie2-align-s
712 1223 784.0 22.6 bowtie2-align-s
718 1223 778.4 22.6 bowtie2-align-s
724 1223 720.5 22.6 bowtie2-align-s
729 1223 769.3 22.6 bowtie2-align-s
735 1223 774.9 22.6 bowtie2-align-s
740 1223 785.2 22.6 bowtie2-align-s
746 1223 779.9 22.6 bowtie2-align-s
752 1223 724.9 22.6 bowtie2-align-s
757 1223 763.8 22.6 bowtie2-align-s
763 1223 773.3 22.6 bowtie2-align-s
768 1223 723.3 22.6 bowtie2-align-s
773 1223 774.6 22.6 bowtie2-align-s
779 1223 756.2 22.6 bowtie2-align-s
785 1223 785.4 22.6 bowtie2-align-s
790 1223 782.1 22.6 bowtie2-align-s
796 1223 783.2 22.6 bowtie2-align-s
801 1223 771.5 22.6 bowtie2-align-s
807 1223 764.5 22.6 bowtie2-align-s
812 1223 753.4 22.6 bowtie2-align-s
818 1223 773.4 22.6 bowtie2-align-s
824 1223 783.7 22.6 bowtie2-align-s
829 1223 759.1 22.6 bowtie2-align-s
835 1223 780.8 22.6 bowtie2-align-s
840 1223 785.0 22.6 bowtie2-align-s
846 1223 782.1 22.6 bowtie2-align-s
851 1223 783.7 22.6 bowtie2-align-s
857 1223 757.5 22.6 bowtie2-align-s
863 1223 786.3 22.6 bowtie2-align-s
868 1223 777.5 22.6 bowtie2-align-s
874 1223 783.4 22.6 bowtie2-align-s
879 1223 769.9 22.6 bowtie2-align-s
885 1223 752.1 22.6 bowtie2-align-s
890 1223 727.6 22.6 bowtie2-align-s
896 1223 783.9 22.6 bowtie2-align-s
902 1223 765.3 22.6 bowtie2-align-s
907 1223 762.3 22.6 bowtie2-align-s
913 1223 767.6 22.6 bowtie2-align-s
918 1223 782.6 22.6 bowtie2-align-s
924 1223 780.6 22.6 bowtie2-align-s
929 1223 771.8 22.6 bowtie2-align-s
935 1223 765.6 22.6 bowtie2-align-s
941 1223 775.9 22.6 bowtie2-align-s
946 1223 780.6 22.6 bowtie2-align-s
952 1223 786.2 22.6 bowtie2-align-s
957 1223 762.8 22.6 bowtie2-align-s
963 1223 765.6 22.6 bowtie2-align-s
968 1223 776.0 22.6 bowtie2-align-s
974 1223 782.1 22.6 bowtie2-align-s
980 1223 685.0 22.6 bowtie2-align-s
985 1223 756.6 22.6 bowtie2-align-s
991 1223 780.5 22.6 bowtie2-align-s

